IIBDevApp>>NODE2>>EG1>>SUCCESS>>1715561349186
BIP9332I<<Application 'IIBDevApp' has been created successfully. <<1715561349186
BIP9326I<<The source 'IIBDevAppproject.generated.bar' has been successfully deployed. <<1715561349186
iib_dev_app.bar>>NODE2>>EG1>>SUCCESS>>1715562285492
BIP9332I<<Application 'IIBDevApp' has been changed successfully. <<1715562285492
BIP9326I<<The source 'iib_dev_app.bar' has been successfully deployed. <<1715562285492
iib_dev_app.bar>>NODE2>>EG1>>SUCCESS>>1715639909836
BIP9332I<<Application 'IIBDevApp' has been changed successfully. <<1715639909836
BIP9326I<<The source 'iib_dev_app.bar' has been successfully deployed. <<1715639909836
iib_dev_app.bar>>NODE2>>EG1>>SUCCESS>>1715640031153
BIP9332I<<Application 'IIBDevApp' has been changed successfully. <<1715640031153
BIP9326I<<The source 'iib_dev_app.bar' has been successfully deployed. <<1715640031153
IIBDevApp>>NODE2>>EG1>>SUCCESS>>1715690754419
BIP9332I<<Application 'IIBDevApp' has been changed successfully. <<1715690754419
BIP9326I<<The source 'IIBDevAppproject.generated.bar' has been successfully deployed. <<1715690754419
iib_dev_app.bar>>NODE2>>EG1>>SUCCESS>>1715690823739
BIP9332I<<Application 'IIBDevApp' has been changed successfully. <<1715690823739
BIP9326I<<The source 'iib_dev_app.bar' has been successfully deployed. <<1715690823739
iib_dev_app.bar>>NODE2>>EG1>>SUCCESS>>1715700761269
BIP9332I<<Application 'IIBDevApp' has been changed successfully. <<1715700761269
BIP9326I<<The source 'iib_dev_app.bar' has been successfully deployed. <<1715700761269
IIBDevApp>>NODE2>>EG1>>SUCCESS>>1715701395916
BIP9332I<<Application 'IIBDevApp' has been changed successfully. <<1715701395916
BIP9326I<<The source 'IIBDevAppproject.generated.bar' has been successfully deployed. <<1715701395916
iib_dev_app.bar>>NODE2>>EG1>>SUCCESS>>1715701928618
BIP9332I<<Application 'IIBDevApp' has been changed successfully. <<1715701928618
BIP9326I<<The source 'iib_dev_app.bar' has been successfully deployed. <<1715701928618
iib_dev_app.bar>>NODE2>>EG1>>SUCCESS>>1715702001977
BIP9332I<<Application 'IIBDevApp' has been changed successfully. <<1715702001977
BIP9326I<<The source 'iib_dev_app.bar' has been successfully deployed. <<1715702001977
iib_dev_app.bar>>NODE2>>EG1>>SUCCESS>>1715702264058
BIP9332I<<Application 'IIBDevApp' has been changed successfully. <<1715702264058
BIP9326I<<The source 'iib_dev_app.bar' has been successfully deployed. <<1715702264058
iib_dev_app.bar>>NODE2>>EG1>>SUCCESS>>1715702624149
BIP9332I<<Application 'IIBDevApp' has been changed successfully. <<1715702624149
BIP9326I<<The source 'iib_dev_app.bar' has been successfully deployed. <<1715702624149
iib_dev_app.bar>>NODE2>>EG1>>SUCCESS>>1715702838848
BIP9332I<<Application 'IIBDevApp' has been changed successfully. <<1715702838848
BIP9326I<<The source 'iib_dev_app.bar' has been successfully deployed. <<1715702838848
iib_dev_app.bar>>NODE2>>EG1>>SUCCESS>>1715704845205
BIP9332I<<Application 'IIBDevApp' has been changed successfully. <<1715704845205
BIP9326I<<The source 'iib_dev_app.bar' has been successfully deployed. <<1715704845205
iib_dev_app.bar>>NODE2>>EG1>>SUCCESS>>1715706263860
BIP9332I<<Application 'IIBDevApp' has been changed successfully. <<1715706263860
BIP9326I<<The source 'iib_dev_app.bar' has been successfully deployed. <<1715706263860
iib_dev_app.bar>>NODE2>>EG1>>SUCCESS>>1715706367329
BIP9332I<<Application 'IIBDevApp' has been changed successfully. <<1715706367329
BIP9326I<<The source 'iib_dev_app.bar' has been successfully deployed. <<1715706367329
iib_dev_app.bar>>NODE2>>EG1>>SUCCESS>>1715706697050
BIP9332I<<Application 'IIBDevApp' has been changed successfully. <<1715706697050
BIP9326I<<The source 'iib_dev_app.bar' has been successfully deployed. <<1715706697050
iib_dev_app.bar>>NODE2>>EG1>>SUCCESS>>1715706915264
BIP9332I<<Application 'IIBDevApp' has been changed successfully. <<1715706915264
BIP9326I<<The source 'iib_dev_app.bar' has been successfully deployed. <<1715706915264
iib_dev_app.bar>>NODE2>>EG1>>SUCCESS>>1715707341019
BIP9332I<<Application 'IIBDevApp' has been changed successfully. <<1715707341019
BIP9326I<<The source 'iib_dev_app.bar' has been successfully deployed. <<1715707341019
iib_dev_app.bar>>NODE2>>EG1>>SUCCESS>>1715707556454
BIP9332I<<Application 'IIBDevApp' has been changed successfully. <<1715707556454
BIP9326I<<The source 'iib_dev_app.bar' has been successfully deployed. <<1715707556454
iib_dev_app.bar>>NODE2>>EG1>>SUCCESS>>1715707842168
BIP9332I<<Application 'IIBDevApp' has been changed successfully. <<1715707842168
BIP9326I<<The source 'iib_dev_app.bar' has been successfully deployed. <<1715707842168
iib_dev_app.bar>>NODE2>>EG1>>SUCCESS>>1715707955041
BIP9332I<<Application 'IIBDevApp' has been changed successfully. <<1715707955041
BIP9326I<<The source 'iib_dev_app.bar' has been successfully deployed. <<1715707955041
iib_dev_app.bar>>NODE2>>EG1>>SUCCESS>>1715708126868
BIP9332I<<Application 'IIBDevApp' has been changed successfully. <<1715708126868
BIP9326I<<The source 'iib_dev_app.bar' has been successfully deployed. <<1715708126868
iib_dev_app.bar>>NODE2>>EG1>>SUCCESS>>1715708190372
BIP9332I<<Application 'IIBDevApp' has been changed successfully. <<1715708190372
BIP9326I<<The source 'iib_dev_app.bar' has been successfully deployed. <<1715708190372
iib_dev_app.bar>>NODE2>>EG1>>SUCCESS>>1715708237002
BIP9332I<<Application 'IIBDevApp' has been changed successfully. <<1715708237002
BIP9326I<<The source 'iib_dev_app.bar' has been successfully deployed. <<1715708237002
IIBDevApp>>NODE2>>EG1>>SUCCESS>>1715708258274
BIP9332I<<Application 'IIBDevApp' has been changed successfully. <<1715708258274
BIP9326I<<The source 'IIBDevAppproject.generated.bar' has been successfully deployed. <<1715708258274
iib_dev_app.bar>>NODE2>>EG1>>SUCCESS>>1715709359943
BIP9332I<<Application 'IIBDevApp' has been changed successfully. <<1715709359943
BIP9326I<<The source 'iib_dev_app.bar' has been successfully deployed. <<1715709359943
iib_dev_app.bar>>NODE2>>EG1>>SUCCESS>>1715709465459
BIP9332I<<Application 'IIBDevApp' has been changed successfully. <<1715709465459
BIP9326I<<The source 'iib_dev_app.bar' has been successfully deployed. <<1715709465459
iib_dev_app.bar>>NODE2>>EG1>>SUCCESS>>1715709545118
BIP9332I<<Application 'IIBDevApp' has been changed successfully. <<1715709545118
BIP9326I<<The source 'iib_dev_app.bar' has been successfully deployed. <<1715709545118
iib_dev_app.bar>>NODE2>>EG1>>SUCCESS>>1715709705183
BIP9332I<<Application 'IIBDevApp' has been changed successfully. <<1715709705183
BIP9326I<<The source 'iib_dev_app.bar' has been successfully deployed. <<1715709705183
iib_dev_app.bar>>NODE2>>EG1>>SUCCESS>>1715709933855
BIP9332I<<Application 'IIBDevApp' has been changed successfully. <<1715709933855
BIP9326I<<The source 'iib_dev_app.bar' has been successfully deployed. <<1715709933855
iib_dev_app.bar>>NODE2>>EG1>>SUCCESS>>1715710179118
BIP9332I<<Application 'IIBDevApp' has been changed successfully. <<1715710179118
BIP9326I<<The source 'iib_dev_app.bar' has been successfully deployed. <<1715710179118
iib_dev_app.bar>>NODE2>>EG1>>SUCCESS>>1715710344343
BIP9332I<<Application 'IIBDevApp' has been changed successfully. <<1715710344343
BIP9326I<<The source 'iib_dev_app.bar' has been successfully deployed. <<1715710344343
iib_dev_app.bar>>NODE2>>EG1>>SUCCESS>>1715713639525
BIP9332I<<Application 'IIBDevApp' has been changed successfully. <<1715713639525
BIP9326I<<The source 'iib_dev_app.bar' has been successfully deployed. <<1715713639525
iib_dev_app.bar>>NODE2>>EG1>>SUCCESS>>1715714006758
BIP9332I<<Application 'IIBDevApp' has been changed successfully. <<1715714006758
BIP9326I<<The source 'iib_dev_app.bar' has been successfully deployed. <<1715714006758
IIBDevApp>>NODE2>>EG1>>SUCCESS>>1715717995082
BIP9332I<<Application 'IIBDevApp' has been changed successfully. <<1715717995082
BIP9326I<<The source 'IIBDevAppproject.generated.bar' has been successfully deployed. <<1715717995082
IIBDevApp>>NODE2>>EG1>>SUCCESS>>1715718281587
BIP9332I<<Application 'IIBDevApp' has been changed successfully. <<1715718281587
BIP9326I<<The source 'IIBDevAppproject.generated.bar' has been successfully deployed. <<1715718281587
IIBDevApp>>NODE2>>EG1>>SUCCESS>>1715718403538
BIP9332I<<Application 'IIBDevApp' has been changed successfully. <<1715718403538
BIP9326I<<The source 'IIBDevAppproject.generated.bar' has been successfully deployed. <<1715718403538
IIBDevApp.bar>>NODE2>>EG1>>SUCCESS>>1715721893830
BIP9345W<<The BAR file 'C:\Users\zedan\IBM\ACET12\workspace\BARfiles\IIBDevApp.bar' is empty. <<1715721893830
IIBDevApp>>NODE2>>EG1>>SUCCESS>>1715722072304
BIP9332I<<Application 'IIBDevApp' has been changed successfully. <<1715722072304
BIP9326I<<The source 'IIBDevAppproject.generated.bar' has been successfully deployed. <<1715722072304
IIBDevApp>>NODE2>>EG1>>SUCCESS>>1715722188675
BIP9332I<<Application 'IIBDevApp' has been changed successfully. <<1715722188675
BIP9326I<<The source 'IIBDevAppproject.generated.bar' has been successfully deployed. <<1715722188675
IIBDevApp>>NODE2>>EG1>>SUCCESS>>1715723712861
BIP9332I<<Application 'IIBDevApp' has been changed successfully. <<1715723712861
BIP9326I<<The source 'IIBDevAppproject.generated.bar' has been successfully deployed. <<1715723712861
IIBDevApp>>NODE2>>EG1>>SUCCESS>>1715766412326
BIP9332I<<Application 'IIBDevApp' has been changed successfully. <<1715766412326
BIP9326I<<The source 'IIBDevAppproject.generated.bar' has been successfully deployed. <<1715766412326
IIBDevApp>>NODE2>>EG1>>SUCCESS>>1715766682657
BIP9332I<<Application 'IIBDevApp' has been changed successfully. <<1715766682657
BIP9326I<<The source 'IIBDevAppproject.generated.bar' has been successfully deployed. <<1715766682657
IIBDevApp>>NODE2>>EG1>>SUCCESS>>1715766815250
BIP9332I<<Application 'IIBDevApp' has been changed successfully. <<1715766815250
BIP9326I<<The source 'IIBDevAppproject.generated.bar' has been successfully deployed. <<1715766815250
IIBDevApp.bar>>NODE2>>EG1>>SUCCESS>>1715767106079
BIP9345W<<The BAR file 'C:\Users\zedan\IBM\ACET12\workspace\BARfiles\IIBDevApp.bar' is empty. <<1715767106079
IIBDevApp>>NODE2>>EG1>>SUCCESS>>1715776371695
BIP9332I<<Application 'IIBDevApp' has been changed successfully. <<1715776371695
BIP9326I<<The source 'IIBDevAppproject.generated.bar' has been successfully deployed. <<1715776371695
IIBDevApp>>NODE2>>EG1>>SUCCESS>>1715777058445
BIP9332I<<Application 'IIBDevApp' has been changed successfully. <<1715777058445
BIP9326I<<The source 'IIBDevAppproject.generated.bar' has been successfully deployed. <<1715777058445
IIBDevApp>>NODE2>>EG1>>SUCCESS>>1715777227675
BIP9332I<<Application 'IIBDevApp' has been changed successfully. <<1715777227675
BIP9326I<<The source 'IIBDevAppproject.generated.bar' has been successfully deployed. <<1715777227675
IIBDevApp>>NODE2>>EG1>>SUCCESS>>1715777406156
BIP9332I<<Application 'IIBDevApp' has been changed successfully. <<1715777406156
BIP9326I<<The source 'IIBDevAppproject.generated.bar' has been successfully deployed. <<1715777406156
IIBDevApp>>NODE2>>EG1>>SUCCESS>>1715786285453
BIP9332I<<Application 'IIBDevApp' has been changed successfully. <<1715786285453
BIP9326I<<The source 'IIBDevAppproject.generated.bar' has been successfully deployed. <<1715786285453
IIBDevApp>>NODE2>>EG1>>SUCCESS>>1715786434058
BIP9332I<<Application 'IIBDevApp' has been changed successfully. <<1715786434058
BIP9326I<<The source 'IIBDevAppproject.generated.bar' has been successfully deployed. <<1715786434058
IIBDevApp>>NODE2>>EG1>>SUCCESS>>1715800733071
BIP9332I<<Application 'IIBDevApp' has been changed successfully. <<1715800733071
BIP9326I<<The source 'IIBDevAppproject.generated.bar' has been successfully deployed. <<1715800733071
IIBDevApp>>NODE2>>EG1>>SUCCESS>>1715801319008
BIP9332I<<Application 'IIBDevApp' has been changed successfully. <<1715801319008
BIP9326I<<The source 'IIBDevAppproject.generated.bar' has been successfully deployed. <<1715801319008
IIBDevApp>>NODE2>>EG1>>WARNING>>1715803919440
BIP4125E<<Failed to load ESQL file 'C:/ProgramData/IBM/MQSI/components/NODE2/servers/EG1/run/IIBDevApp/IIBDevApp_msgflow_Compute.esql'. <<1715803919440
BIP2401E<<(.IIBDevApp_msgflow_Compute.Main, 7.38) : Syntax error : expected ')' but found '['. <<1715803919440
BIP9320E<<Message Flow 'IIBDevApp_msgflow', 'IIBDevApp_msgflow' encountered a failure and could not start. <<1715803919440
BIP4001E<<Syntax error in SQL statements in node '{0}'. <<1715803919440
BIP4127E<<Failed to find ESQL module 'IIBDevApp_msgflow_Compute'. <<1715803919440
BIP9333W<<Application 'IIBDevApp' has been changed but contains errors which has prevented some resources from starting. <<1715803919440
BIP1096E<<The source 'IIBDevAppproject.generated.bar' has been deployed but there were one or more failures which may mean the deployed resources will be unable to execute. <<1715803919440
IIBDevApp>>NODE2>>EG1>>SUCCESS>>1715803976880
BIP9332I<<Application 'IIBDevApp' has been changed successfully. <<1715803976880
BIP9326I<<The source 'IIBDevAppproject.generated.bar' has been successfully deployed. <<1715803976880
IIBDevApp>>NODE2>>EG1>>SUCCESS>>1715804101396
BIP9332I<<Application 'IIBDevApp' has been changed successfully. <<1715804101396
BIP9326I<<The source 'IIBDevAppproject.generated.bar' has been successfully deployed. <<1715804101396
IIBDevApp>>NODE2>>EG1>>SUCCESS>>1715804443301
BIP9332I<<Application 'IIBDevApp' has been changed successfully. <<1715804443301
BIP9326I<<The source 'IIBDevAppproject.generated.bar' has been successfully deployed. <<1715804443301
IIBDevApp>>NODE2>>EG1>>SUCCESS>>1715805045360
BIP9332I<<Application 'IIBDevApp' has been changed successfully. <<1715805045360
BIP9326I<<The source 'IIBDevAppproject.generated.bar' has been successfully deployed. <<1715805045360
IIBDevApp>>NODE2>>EG1>>SUCCESS>>1715805222100
BIP9332I<<Application 'IIBDevApp' has been changed successfully. <<1715805222100
BIP9326I<<The source 'IIBDevAppproject.generated.bar' has been successfully deployed. <<1715805222100
IIBDevApp>>NODE2>>EG1>>SUCCESS>>1715805357132
BIP9332I<<Application 'IIBDevApp' has been changed successfully. <<1715805357132
BIP9326I<<The source 'IIBDevAppproject.generated.bar' has been successfully deployed. <<1715805357132
IIBDevApp>>NODE2>>EG1>>SUCCESS>>1715805446256
BIP9332I<<Application 'IIBDevApp' has been changed successfully. <<1715805446256
BIP9326I<<The source 'IIBDevAppproject.generated.bar' has been successfully deployed. <<1715805446256
IIBDevApp>>NODE2>>EG1>>SUCCESS>>1715810308214
BIP9332I<<Application 'IIBDevApp' has been changed successfully. <<1715810308214
BIP9326I<<The source 'IIBDevAppproject.generated.bar' has been successfully deployed. <<1715810308214
IIBDevApp>>NODE2>>EG1>>WARNING>>1715929593670
BIP9318E<<Request to 'PreSetupValidate' resource 'IIBDevApp', 'IIBDevApp' of type 'Application' failed. <<1715929593670
BIP2432E<<(.IIBDevApp_msgflow_Compute.Main, 4.7) : The correlation name 'outRef.XMLNSC.total_sum' is not valid. Those in scope are: Environment, InputLocalEnvironment, OutputLocalEnvironment, InputRoot, InputBody, InputProperties, OutputRoot, InputExceptionList, OutputExceptionList, InputDestinationList, OutputDestinationList, inRef. <<1715929593670
BIP9333W<<Application 'IIBDevApp' has been changed but contains errors which has prevented some resources from starting. <<1715929593670
BIP1096E<<The source 'IIBDevAppproject.generated.bar' has been deployed but there were one or more failures which may mean the deployed resources will be unable to execute. <<1715929593670
IIBDevApp>>NODE2>>EG1>>WARNING>>1715929632695
BIP9318E<<Request to 'PreSetupValidate' resource 'IIBDevApp', 'IIBDevApp' of type 'Application' failed. <<1715929632695
BIP2432E<<(.IIBDevApp_msgflow_Compute.Main, 4.7) : The correlation name 'outRef.XMLNSC.total_sum' is not valid. Those in scope are: Environment, InputLocalEnvironment, OutputLocalEnvironment, InputRoot, InputBody, InputProperties, OutputRoot, InputExceptionList, OutputExceptionList, InputDestinationList, OutputDestinationList, inRef. <<1715929632695
BIP9333W<<Application 'IIBDevApp' has been changed but contains errors which has prevented some resources from starting. <<1715929632695
BIP1096E<<The source 'IIBDevAppproject.generated.bar' has been deployed but there were one or more failures which may mean the deployed resources will be unable to execute. <<1715929632695
IIBDevApp>>NODE2>>EG1>>WARNING>>1715929786337
BIP9318E<<Request to 'PreSetupValidate' resource 'IIBDevApp', 'IIBDevApp' of type 'Application' failed. <<1715929786337
BIP2432E<<(.IIBDevApp_msgflow_Compute.Main, 4.7) : The correlation name 'outRef.XMLNSC.totalSum' is not valid. Those in scope are: Environment, InputLocalEnvironment, OutputLocalEnvironment, InputRoot, InputBody, InputProperties, OutputRoot, InputExceptionList, OutputExceptionList, InputDestinationList, OutputDestinationList, inRef. <<1715929786337
BIP9333W<<Application 'IIBDevApp' has been changed but contains errors which has prevented some resources from starting. <<1715929786337
BIP1096E<<The source 'IIBDevAppproject.generated.bar' has been deployed but there were one or more failures which may mean the deployed resources will be unable to execute. <<1715929786337
IIBDevApp>>NODE2>>EG1>>SUCCESS>>1715929819864
BIP9332I<<Application 'IIBDevApp' has been changed successfully. <<1715929819864
BIP9326I<<The source 'IIBDevAppproject.generated.bar' has been successfully deployed. <<1715929819864
IIBDevApp>>NODE2>>EG1>>WARNING>>1715929842253
BIP9318E<<Request to 'PreSetupValidate' resource 'IIBDevApp', 'IIBDevApp' of type 'Application' failed. <<1715929842253
BIP2432E<<(.IIBDevApp_msgflow_Compute.Main, 4.7) : The correlation name 'outRef.XMLNSC.totalSum' is not valid. Those in scope are: Environment, InputLocalEnvironment, OutputLocalEnvironment, InputRoot, InputBody, InputProperties, OutputRoot, InputExceptionList, OutputExceptionList, InputDestinationList, OutputDestinationList, inRef. <<1715929842253
BIP9333W<<Application 'IIBDevApp' has been changed but contains errors which has prevented some resources from starting. <<1715929842253
BIP1096E<<The source 'IIBDevAppproject.generated.bar' has been deployed but there were one or more failures which may mean the deployed resources will be unable to execute. <<1715929842253
IIBDevApp>>NODE2>>EG1>>WARNING>>1715930154231
BIP4125E<<Failed to load ESQL file 'C:/ProgramData/IBM/MQSI/components/NODE2/servers/EG1/run/IIBDevApp/IIBDevApp_msgflow_Compute.esql'. <<1715930154231
BIP2401E<<(.IIBDevApp_msgflow_Compute.Main, 4.50) : Syntax error : expected ')' but found 'keyword As'. <<1715930154231
BIP9320E<<Message Flow 'IIBDevApp_msgflow', 'IIBDevApp_msgflow' encountered a failure and could not start. <<1715930154231
BIP4001E<<Syntax error in SQL statements in node '{0}'. <<1715930154231
BIP4127E<<Failed to find ESQL module 'IIBDevApp_msgflow_Compute'. <<1715930154231
BIP9333W<<Application 'IIBDevApp' has been changed but contains errors which has prevented some resources from starting. <<1715930154231
BIP1096E<<The source 'IIBDevAppproject.generated.bar' has been deployed but there were one or more failures which may mean the deployed resources will be unable to execute. <<1715930154231
IIBDevApp>>NODE2>>EG1>>WARNING>>1715930216986
BIP9318E<<Request to 'PreSetupValidate' resource 'IIBDevApp', 'IIBDevApp' of type 'Application' failed. <<1715930216986
BIP2432E<<(.IIBDevApp_msgflow_Compute.Main, 4.7) : The correlation name 'outRef.XMLNSC.totalSum' is not valid. Those in scope are: Environment, InputLocalEnvironment, OutputLocalEnvironment, InputRoot, InputBody, InputProperties, OutputRoot, InputExceptionList, OutputExceptionList, InputDestinationList, OutputDestinationList, inRef. <<1715930216986
BIP9333W<<Application 'IIBDevApp' has been changed but contains errors which has prevented some resources from starting. <<1715930216986
BIP1096E<<The source 'IIBDevAppproject.generated.bar' has been deployed but there were one or more failures which may mean the deployed resources will be unable to execute. <<1715930216986
IIBDevApp>>NODE2>>EG1>>SUCCESS>>1715930228780
BIP9332I<<Application 'IIBDevApp' has been changed successfully. <<1715930228780
BIP9326I<<The source 'IIBDevAppproject.generated.bar' has been successfully deployed. <<1715930228780
IIBDevApp>>NODE2>>EG1>>WARNING>>1715930651966
BIP9318E<<Request to 'PreSetupValidate' resource 'IIBDevApp', 'IIBDevApp' of type 'Application' failed. <<1715930651966
BIP2432E<<(.IIBDevApp_msgflow_Compute.Main, 4.7) : The correlation name 'outRef.XMLNSC.orderDetails.total_sum' is not valid. Those in scope are: Environment, InputLocalEnvironment, OutputLocalEnvironment, InputRoot, InputBody, InputProperties, OutputRoot, InputExceptionList, OutputExceptionList, InputDestinationList, OutputDestinationList, inRef. <<1715930651966
BIP9333W<<Application 'IIBDevApp' has been changed but contains errors which has prevented some resources from starting. <<1715930651966
BIP1096E<<The source 'IIBDevAppproject.generated.bar' has been deployed but there were one or more failures which may mean the deployed resources will be unable to execute. <<1715930651966
IIBDevApp>>NODE2>>EG1>>WARNING>>1715930709423
BIP9318E<<Request to 'PreSetupValidate' resource 'IIBDevApp', 'IIBDevApp' of type 'Application' failed. <<1715930709423
BIP2432E<<(.IIBDevApp_msgflow_Compute.Main, 4.7) : The correlation name 'outRef.XMLNSC.orderDetails.total_sum' is not valid. Those in scope are: Environment, InputLocalEnvironment, OutputLocalEnvironment, InputRoot, InputBody, InputProperties, OutputRoot, InputExceptionList, OutputExceptionList, InputDestinationList, OutputDestinationList, inRef. <<1715930709423
BIP9333W<<Application 'IIBDevApp' has been changed but contains errors which has prevented some resources from starting. <<1715930709423
BIP1096E<<The source 'IIBDevAppproject.generated.bar' has been deployed but there were one or more failures which may mean the deployed resources will be unable to execute. <<1715930709423
IIBDevApp>>NODE2>>EG1>>SUCCESS>>1715930787003
BIP9332I<<Application 'IIBDevApp' has been changed successfully. <<1715930787003
BIP9326I<<The source 'IIBDevAppproject.generated.bar' has been successfully deployed. <<1715930787003
IIBDevApp>>NODE2>>EG1>>SUCCESS>>1715930812219
BIP9332I<<Application 'IIBDevApp' has been changed successfully. <<1715930812219
BIP9326I<<The source 'IIBDevAppproject.generated.bar' has been successfully deployed. <<1715930812219
IIBDevApp>>NODE2>>EG1>>SUCCESS>>1715931027205
BIP9332I<<Application 'IIBDevApp' has been changed successfully. <<1715931027205
BIP9326I<<The source 'IIBDevAppproject.generated.bar' has been successfully deployed. <<1715931027205
IIBDevApp>>NODE2>>EG1>>SUCCESS>>1715931267682
BIP9332I<<Application 'IIBDevApp' has been changed successfully. <<1715931267682
BIP9326I<<The source 'IIBDevAppproject.generated.bar' has been successfully deployed. <<1715931267682
IIBDevApp>>NODE2>>EG1>>SUCCESS>>1715931336117
BIP9332I<<Application 'IIBDevApp' has been changed successfully. <<1715931336117
BIP9326I<<The source 'IIBDevAppproject.generated.bar' has been successfully deployed. <<1715931336117
IIBDevApp>>NODE2>>EG1>>SUCCESS>>1715946504803
BIP9332I<<Application 'IIBDevApp' has been changed successfully. <<1715946504803
BIP9326I<<The source 'IIBDevAppproject.generated.bar' has been successfully deployed. <<1715946504803
IIBDevApp>>NODE2>>EG1>>SUCCESS>>1715946947054
BIP9332I<<Application 'IIBDevApp' has been changed successfully. <<1715946947054
BIP9326I<<The source 'IIBDevAppproject.generated.bar' has been successfully deployed. <<1715946947054
IIBDevApp>>NODE2>>EG1>>SUCCESS>>1715947094501
BIP9332I<<Application 'IIBDevApp' has been changed successfully. <<1715947094501
BIP9326I<<The source 'IIBDevAppproject.generated.bar' has been successfully deployed. <<1715947094501
IIBDevApp>>NODE2>>EG1>>SUCCESS>>1715947239477
BIP9332I<<Application 'IIBDevApp' has been changed successfully. <<1715947239477
BIP9326I<<The source 'IIBDevAppproject.generated.bar' has been successfully deployed. <<1715947239477
IIBDevApp>>NODE2>>EG1>>SUCCESS>>1715947566810
BIP9332I<<Application 'IIBDevApp' has been changed successfully. <<1715947566810
BIP9326I<<The source 'IIBDevAppproject.generated.bar' has been successfully deployed. <<1715947566810
IIBDevApp>>NODE2>>EG1>>SUCCESS>>1715947757020
BIP9332I<<Application 'IIBDevApp' has been changed successfully. <<1715947757020
BIP9326I<<The source 'IIBDevAppproject.generated.bar' has been successfully deployed. <<1715947757020
IIBDevApp>>NODE2>>EG1>>SUCCESS>>1715957011359
BIP9332I<<Application 'IIBDevApp' has been changed successfully. <<1715957011359
BIP9326I<<The source 'IIBDevAppproject.generated.bar' has been successfully deployed. <<1715957011359
IIBDevApp>>NODE2>>EG1>>SUCCESS>>1715957173602
BIP9332I<<Application 'IIBDevApp' has been changed successfully. <<1715957173602
BIP9326I<<The source 'IIBDevAppproject.generated.bar' has been successfully deployed. <<1715957173602
IIBDevApp>>NODE2>>EG1>>SUCCESS>>1715981597542
BIP9332I<<Application 'IIBDevApp' has been changed successfully. <<1715981597542
BIP9326I<<The source 'IIBDevAppproject.generated.bar' has been successfully deployed. <<1715981597542
IIBDevApp>>NODE2>>EG1>>SUCCESS>>1715981868952
BIP9332I<<Application 'IIBDevApp' has been changed successfully. <<1715981868952
BIP9326I<<The source 'IIBDevAppproject.generated.bar' has been successfully deployed. <<1715981868952
IIBDevApp>>NODE2>>EG1>>SUCCESS>>1715981977605
BIP9332I<<Application 'IIBDevApp' has been changed successfully. <<1715981977605
BIP9326I<<The source 'IIBDevAppproject.generated.bar' has been successfully deployed. <<1715981977605
IIBDevApp>>NODE2>>EG1>>SUCCESS>>1715982309218
BIP9332I<<Application 'IIBDevApp' has been changed successfully. <<1715982309218
BIP9326I<<The source 'IIBDevAppproject.generated.bar' has been successfully deployed. <<1715982309218
IIBDevApp>>NODE2>>EG1>>SUCCESS>>1715982443869
BIP9332I<<Application 'IIBDevApp' has been changed successfully. <<1715982443869
BIP9326I<<The source 'IIBDevAppproject.generated.bar' has been successfully deployed. <<1715982443869
IIBDevApp>>NODE2>>EG1>>SUCCESS>>1716014247253
BIP9332I<<Application 'IIBDevApp' has been changed successfully. <<1716014247253
BIP9326I<<The source 'IIBDevAppproject.generated.bar' has been successfully deployed. <<1716014247253
IIBDevApp>>NODE2>>EG1>>SUCCESS>>1716014440361
BIP9332I<<Application 'IIBDevApp' has been changed successfully. <<1716014440361
BIP9326I<<The source 'IIBDevAppproject.generated.bar' has been successfully deployed. <<1716014440361
IIBDevApp>>NODE2>>EG1>>WARNING>>1716015456974
BIP9318E<<Request to 'PreSetupValidate' resource 'IIBDevApp', 'IIBDevApp' of type 'Application' failed. <<1716015456974
BIP2432E<<(.IIBDevApp_msgflow_Compute.countArticleTable, 3.62) : The correlation name 'article' is not valid. Those in scope are: Database, Environment, InputLocalEnvironment, OutputLocalEnvironment, InputRoot, InputBody, InputProperties, OutputRoot, InputExceptionList, OutputExceptionList, InputDestinationList, OutputDestinationList. <<1716015456974
BIP9333W<<Application 'IIBDevApp' has been changed but contains errors which has prevented some resources from starting. <<1716015456974
BIP1096E<<The source 'IIBDevAppproject.generated.bar' has been deployed but there were one or more failures which may mean the deployed resources will be unable to execute. <<1716015456974
IIBDevApp>>NODE2>>EG1>>SUCCESS>>1716015529547
BIP9332I<<Application 'IIBDevApp' has been changed successfully. <<1716015529547
BIP9326I<<The source 'IIBDevAppproject.generated.bar' has been successfully deployed. <<1716015529547
IBBAPPTest_Barfile.bar>>NODE2>>EG1>>SUCCESS>>1716020361360
BIP9332I<<Application 'IBBAppTest' has been created successfully. <<1716020361360
BIP9326I<<The source 'IBBAPPTest_Barfile.bar' has been successfully deployed. <<1716020361360
IBBAPPTest_Barfile.bar>>NODE2>>EG1>>SUCCESS>>1716020563539
BIP9332I<<Application 'IBBAppTest' has been changed successfully. <<1716020563539
BIP9326I<<The source 'IBBAPPTest_Barfile.bar' has been successfully deployed. <<1716020563539
IBBAPPTest_Barfile.bar>>NODE2>>EG1>>SUCCESS>>1716020760412
BIP9332I<<Application 'IBBAppTest' has been changed successfully. <<1716020760412
BIP9326I<<The source 'IBBAPPTest_Barfile.bar' has been successfully deployed. <<1716020760412
IBBAppTest>>NODE2>>EG1>>SUCCESS>>1716020815975
BIP9332I<<Application 'IBBAppTest' has been changed successfully. <<1716020815975
BIP9326I<<The source 'IBBAppTestproject.generated.bar' has been successfully deployed. <<1716020815975
IBBAppTest>>NODE2>>EG1>>SUCCESS>>1716020861261
BIP9332I<<Application 'IBBAppTest' has been changed successfully. <<1716020861261
BIP9326I<<The source 'IBBAppTestproject.generated.bar' has been successfully deployed. <<1716020861261
IBBAppTest>>NODE2>>EG1>>SUCCESS>>1716020881434
BIP9332I<<Application 'IBBAppTest' has been changed successfully. <<1716020881434
BIP9326I<<The source 'IBBAppTestproject.generated.bar' has been successfully deployed. <<1716020881434
IBBAppTest>>NODE2>>EG1>>SUCCESS>>1716021000121
BIP9332I<<Application 'IBBAppTest' has been changed successfully. <<1716021000121
BIP9326I<<The source 'IBBAppTestproject.generated.bar' has been successfully deployed. <<1716021000121
IBBAppTest>>NODE2>>EG1>>SUCCESS>>1716021288288
BIP9332I<<Application 'IBBAppTest' has been changed successfully. <<1716021288288
BIP9326I<<The source 'IBBAppTestproject.generated.bar' has been successfully deployed. <<1716021288288
IBBAppTest>>NODE2>>EG1>>SUCCESS>>1716021646306
BIP9332I<<Application 'IBBAppTest' has been changed successfully. <<1716021646306
BIP9326I<<The source 'IBBAppTestproject.generated.bar' has been successfully deployed. <<1716021646306
IBBAppTest>>NODE2>>EG1>>SUCCESS>>1716021730218
BIP9332I<<Application 'IBBAppTest' has been changed successfully. <<1716021730218
BIP9326I<<The source 'IBBAppTestproject.generated.bar' has been successfully deployed. <<1716021730218
IBBAppTest>>NODE2>>EG1>>SUCCESS>>1716021901451
BIP9332I<<Application 'IBBAppTest' has been changed successfully. <<1716021901451
BIP9326I<<The source 'IBBAppTestproject.generated.bar' has been successfully deployed. <<1716021901451
DFDL_Modeling>>NODE2>>EG1>>SUCCESS>>1716044066684
BIP9332I<<Application 'DFDL_Modeling' has been created successfully. <<1716044066684
BIP9332I<<SharedLibrary 'Execption_Handler' has been created successfully. <<1716044066684
BIP9326I<<The source 'DFDL_Modelingproject.generated.bar' has been successfully deployed. <<1716044066684
BUB_SUB>>NODE2>>EG1>>SUCCESS>>1716047464191
BIP9332I<<Application 'BUB_SUB' has been created successfully. <<1716047464191
BIP9332I<<SharedLibrary 'Execption_Handler' has been changed successfully. <<1716047464191
BIP9332I<<Application 'DFDL_Modeling' has been reloaded successfully. <<1716047464191
BIP9326I<<The source 'BUB_SUBproject.generated.bar' has been successfully deployed. <<1716047464191
IIBDatabase>>NODE2>>EG1>>SUCCESS>>1716053147471
BIP9332I<<Application 'IIBDatabase' has been created successfully. <<1716053147471
BIP9332I<<SharedLibrary 'Execption_Handler' has been changed successfully. <<1716053147471
BIP9332I<<Application 'BUB_SUB' has been reloaded successfully. <<1716053147471
BIP9332I<<Application 'DFDL_Modeling' has been reloaded successfully. <<1716053147471
BIP9326I<<The source 'IIBDatabaseproject.generated.bar' has been successfully deployed. <<1716053147471
BUB_SUB>>NODE2>>EG1>>SUCCESS>>1716053212925
BIP9332I<<Application 'BUB_SUB' has been changed successfully. <<1716053212925
BIP9326I<<The source 'BUB_SUBproject.generated.bar' has been successfully deployed. <<1716053212925
IIBDatabase>>NODE2>>EG1>>SUCCESS>>1716053314579
BIP9332I<<SharedLibrary 'Execption_Handler' has been changed successfully. <<1716053314579
BIP9332I<<Application 'IIBDatabase' has been changed successfully. <<1716053314579
BIP9332I<<Application 'DFDL_Modeling' has been reloaded successfully. <<1716053314579
BIP9332I<<Application 'BUB_SUB' has been reloaded successfully. <<1716053314579
BIP9326I<<The source 'IIBDatabaseproject.generated.bar' has been successfully deployed. <<1716053314579
IIBDatabase>>NODE2>>EG1>>SUCCESS>>1716053404012
BIP9332I<<SharedLibrary 'Execption_Handler' has been changed successfully. <<1716053404012
BIP9332I<<Application 'IIBDatabase' has been changed successfully. <<1716053404012
BIP9332I<<Application 'DFDL_Modeling' has been reloaded successfully. <<1716053404012
BIP9332I<<Application 'BUB_SUB' has been reloaded successfully. <<1716053404012
BIP9326I<<The source 'IIBDatabaseproject.generated.bar' has been successfully deployed. <<1716053404012
IIBDatabase>>NODE2>>EG1>>SUCCESS>>1716053441112
BIP9332I<<SharedLibrary 'Execption_Handler' has been changed successfully. <<1716053441112
BIP9332I<<Application 'IIBDatabase' has been changed successfully. <<1716053441112
BIP9332I<<Application 'DFDL_Modeling' has been reloaded successfully. <<1716053441112
BIP9332I<<Application 'BUB_SUB' has been reloaded successfully. <<1716053441112
BIP9326I<<The source 'IIBDatabaseproject.generated.bar' has been successfully deployed. <<1716053441112
IIB_Database_barfile.bar>>NODE2>>EG1>>SUCCESS>>1716053704013
BIP9332I<<Application 'IIBDatabase' has been changed successfully. <<1716053704013
BIP9326I<<The source 'IIB_Database_barfile.bar' has been successfully deployed. <<1716053704013
IIB_Database_barfile.bar>>NODE2>>EG1>>SUCCESS>>1716053905231
BIP9332I<<Application 'IIBDatabase' has been changed successfully. <<1716053905231
BIP9326I<<The source 'IIB_Database_barfile.bar' has been successfully deployed. <<1716053905231
IIBDatabase>>NODE2>>EG1>>SUCCESS>>1716056278696
BIP9332I<<SharedLibrary 'Execption_Handler' has been changed successfully. <<1716056278696
BIP9332I<<Application 'IIBDatabase' has been changed successfully. <<1716056278696
BIP9332I<<Application 'DFDL_Modeling' has been reloaded successfully. <<1716056278696
BIP9332I<<Application 'BUB_SUB' has been reloaded successfully. <<1716056278696
BIP9326I<<The source 'IIBDatabaseproject.generated.bar' has been successfully deployed. <<1716056278696
IIBDatabase>>NODE2>>EG1>>SUCCESS>>1716056318293
BIP9332I<<SharedLibrary 'Execption_Handler' has been changed successfully. <<1716056318293
BIP9332I<<Application 'IIBDatabase' has been changed successfully. <<1716056318293
BIP9332I<<Application 'DFDL_Modeling' has been reloaded successfully. <<1716056318293
BIP9332I<<Application 'BUB_SUB' has been reloaded successfully. <<1716056318293
BIP9326I<<The source 'IIBDatabaseproject.generated.bar' has been successfully deployed. <<1716056318293
IIBDatabase>>NODE2>>EG1>>SUCCESS>>1716064336327
BIP9332I<<SharedLibrary 'Execption_Handler' has been changed successfully. <<1716064336327
BIP9332I<<Application 'IIBDatabase' has been changed successfully. <<1716064336327
BIP9332I<<Application 'DFDL_Modeling' has been reloaded successfully. <<1716064336327
BIP9332I<<Application 'BUB_SUB' has been reloaded successfully. <<1716064336327
BIP9326I<<The source 'IIBDatabaseproject.generated.bar' has been successfully deployed. <<1716064336327
TimeApp>>NODE2>>EG1>>WARNING>>1716211145999
BIP1359E<<Unable to resolve 'TerminalLink' connection in 'Nodes' 'Nodes' between 'Execption.Handler.subflow.Execption_Handler_subflow#OutTerminal.Output' and 'MQ Output'. <<1716211145999
BIP1359E<<Unable to resolve 'TerminalLink' connection in 'Nodes' 'Nodes' between 'Execption.Handler.subflow.Execption_Handler_subflow#OutTerminal.Output' and 'MQ Output1'. <<1716211145999
BIP1359E<<Unable to resolve 'TerminalLink' connection in 'Nodes' 'Nodes' between 'Execption.Handler.subflow.Execption_Handler_subflow#OutTerminal.Output' and 'MQ Output'. <<1716211145999
BIP9332I<<Application 'TimeApp' has been created successfully. <<1716211145999
BIP9332I<<SharedLibrary 'Execption_Handler' has been changed successfully. <<1716211145999
BIP1096E<<The source 'TimeAppproject.generated.bar' has been deployed but there were one or more failures which may mean the deployed resources will be unable to execute. <<1716211145999
TimeApp>>NODE2>>EG1>>WARNING>>1716211246968
BIP1359E<<Unable to resolve 'TerminalLink' connection in 'Nodes' 'Nodes' between 'Execption.Handler.subflow.Execption_Handler_subflow#OutTerminal.Output' and 'MQ Output'. <<1716211246968
BIP1359E<<Unable to resolve 'TerminalLink' connection in 'Nodes' 'Nodes' between 'Execption.Handler.subflow.Execption_Handler_subflow#OutTerminal.Output' and 'MQ Output1'. <<1716211246968
BIP1359E<<Unable to resolve 'TerminalLink' connection in 'Nodes' 'Nodes' between 'Execption.Handler.subflow.Execption_Handler_subflow#OutTerminal.Output' and 'MQ Output'. <<1716211246968
BIP9332I<<SharedLibrary 'Execption_Handler' has been changed successfully. <<1716211246968
BIP9332I<<Application 'TimeApp' has been changed successfully. <<1716211246968
BIP1096E<<The source 'TimeAppproject.generated.bar' has been deployed but there were one or more failures which may mean the deployed resources will be unable to execute. <<1716211246968
TimeoutBarfile.bar>>NODE2>>EG1>>SUCCESS>>1716211343528
BIP9332I<<Application 'TimeApp' has been changed successfully. <<1716211343528
BIP9326I<<The source 'TimeoutBarfile.bar' has been successfully deployed. <<1716211343528
TimeApp>>NODE2>>EG1>>WARNING>>1716211352737
BIP1359E<<Unable to resolve 'TerminalLink' connection in 'Nodes' 'Nodes' between 'Execption.Handler.subflow.Execption_Handler_subflow#OutTerminal.Output' and 'MQ Output'. <<1716211352737
BIP1359E<<Unable to resolve 'TerminalLink' connection in 'Nodes' 'Nodes' between 'Execption.Handler.subflow.Execption_Handler_subflow#OutTerminal.Output' and 'MQ Output1'. <<1716211352737
BIP1359E<<Unable to resolve 'TerminalLink' connection in 'Nodes' 'Nodes' between 'Execption.Handler.subflow.Execption_Handler_subflow#OutTerminal.Output' and 'MQ Output'. <<1716211352737
BIP9332I<<SharedLibrary 'Execption_Handler' has been changed successfully. <<1716211352737
BIP9332I<<Application 'TimeApp' has been changed successfully. <<1716211352737
BIP1096E<<The source 'TimeAppproject.generated.bar' has been deployed but there were one or more failures which may mean the deployed resources will be unable to execute. <<1716211352737
TimeApp>>NODE2>>EG1>>WARNING>>1716211418927
BIP1359E<<Unable to resolve 'TerminalLink' connection in 'Nodes' 'Nodes' between 'Execption.Handler.subflow.Execption_Handler_subflow#OutTerminal.Output' and 'MQ Output'. <<1716211418927
BIP1359E<<Unable to resolve 'TerminalLink' connection in 'Nodes' 'Nodes' between 'Execption.Handler.subflow.Execption_Handler_subflow#OutTerminal.Output' and 'MQ Output1'. <<1716211418927
BIP1359E<<Unable to resolve 'TerminalLink' connection in 'Nodes' 'Nodes' between 'Execption.Handler.subflow.Execption_Handler_subflow#OutTerminal.Output' and 'MQ Output'. <<1716211418927
BIP9332I<<SharedLibrary 'Execption_Handler' has been changed successfully. <<1716211418927
BIP9332I<<Application 'TimeApp' has been changed successfully. <<1716211418927
BIP1096E<<The source 'TimeAppproject.generated.bar' has been deployed but there were one or more failures which may mean the deployed resources will be unable to execute. <<1716211418927
TimeApp>>NODE2>>EG1>>SUCCESS>>1716211529532
BIP9332I<<SharedLibrary 'Execption_Handler' has been changed successfully. <<1716211529532
BIP9332I<<Application 'TimeApp' has been changed successfully. <<1716211529532
BIP9332I<<Application 'IIBDatabase' has been reloaded successfully. <<1716211529532
BIP9332I<<Application 'DFDL_Modeling' has been reloaded successfully. <<1716211529532
BIP9332I<<Application 'BUB_SUB' has been reloaded successfully. <<1716211529532
BIP9326I<<The source 'TimeAppproject.generated.bar' has been successfully deployed. <<1716211529532
Filein_Bar.bar>>NODE2>>EG1>>SUCCESS>>1716216297883
BIP9332I<<Application 'FileApp' has been created successfully. <<1716216297883
BIP9326I<<The source 'Filein_Bar.bar' has been successfully deployed. <<1716216297883
FileApp>>NODE2>>EG1>>SUCCESS>>1716216481510
BIP9332I<<Application 'FileApp' has been changed successfully. <<1716216481510
BIP9326I<<The source 'FileAppproject.generated.bar' has been successfully deployed. <<1716216481510
FileApp>>NODE2>>EG1>>SUCCESS>>1716216897308
BIP9332I<<Application 'FileApp' has been changed successfully. <<1716216897308
BIP9326I<<The source 'FileAppproject.generated.bar' has been successfully deployed. <<1716216897308
Filein_Bar.bar>>NODE2>>EG1>>SUCCESS>>1716217044690
BIP9332I<<Application 'FileApp' has been changed successfully. <<1716217044690
BIP9326I<<The source 'Filein_Bar.bar' has been successfully deployed. <<1716217044690
Filein_Barfile.bar>>NODE2>>EG1>>SUCCESS>>1716218344210
BIP9332I<<Application 'FileApp' has been changed successfully. <<1716218344210
BIP9326I<<The source 'Filein_Barfile.bar' has been successfully deployed. <<1716218344210
Filein_Barfile.bar>>NODE2>>EG1>>SUCCESS>>1716218464093
BIP9332I<<Application 'FileApp' has been changed successfully. <<1716218464093
BIP9326I<<The source 'Filein_Barfile.bar' has been successfully deployed. <<1716218464093
FileApp>>NODE2>>EG1>>SUCCESS>>1716218662957
BIP9332I<<Application 'FileApp' has been changed successfully. <<1716218662957
BIP9326I<<The source 'FileAppproject.generated.bar' has been successfully deployed. <<1716218662957
FileApp>>NODE2>>EG1>>SUCCESS>>1716218745166
BIP9332I<<Application 'FileApp' has been changed successfully. <<1716218745166
BIP9326I<<The source 'FileAppproject.generated.bar' has been successfully deployed. <<1716218745166
FileApp>>NODE2>>EG1>>SUCCESS>>1716218916696
BIP9332I<<Application 'FileApp' has been changed successfully. <<1716218916696
BIP9326I<<The source 'FileAppproject.generated.bar' has been successfully deployed. <<1716218916696
CustomerApp_barfile.bar>>NODE2>>EG1>>SUCCESS>>1716236521045
BIP9332I<<Application 'CustomerApp' has been created successfully. <<1716236521045
BIP9326I<<The source 'CustomerApp_barfile.bar' has been successfully deployed. <<1716236521045
CustomerApp>>NODE2>>EG1>>SUCCESS>>1716236615207
BIP9332I<<Application 'CustomerApp' has been changed successfully. <<1716236615207
BIP9326I<<The source 'CustomerAppproject.generated.bar' has been successfully deployed. <<1716236615207
CustomerApp>>NODE2>>EG1>>SUCCESS>>1716236714193
BIP9332I<<Application 'CustomerApp' has been changed successfully. <<1716236714193
BIP9326I<<The source 'CustomerAppproject.generated.bar' has been successfully deployed. <<1716236714193
CustomerApp>>NODE2>>EG1>>SUCCESS>>1716236787865
BIP9332I<<Application 'CustomerApp' has been changed successfully. <<1716236787865
BIP9326I<<The source 'CustomerAppproject.generated.bar' has been successfully deployed. <<1716236787865
CustomerApp>>NODE2>>EG1>>SUCCESS>>1716238027718
BIP9332I<<Application 'CustomerApp' has been changed successfully. <<1716238027718
BIP9326I<<The source 'CustomerAppproject.generated.bar' has been successfully deployed. <<1716238027718
CustomerApp>>NODE2>>EG1>>SUCCESS>>1716238502548
BIP9332I<<Application 'CustomerApp' has been changed successfully. <<1716238502548
BIP9326I<<The source 'CustomerAppproject.generated.bar' has been successfully deployed. <<1716238502548
DFDL_Modeling>>NODE2>>EG1>>SUCCESS>>1716238650768
BIP9332I<<Application 'DFDL_Modeling' has been changed successfully. <<1716238650768
BIP9326I<<The source 'DFDL_Modelingproject.generated.bar' has been successfully deployed. <<1716238650768
DFDL_Modeling>>NODE2>>EG1>>SUCCESS>>1716238707719
BIP9332I<<Application 'DFDL_Modeling' has been changed successfully. <<1716238707719
BIP9332I<<SharedLibrary 'Execption_Handler' has been changed successfully. <<1716238707719
BIP9332I<<Application 'IIBDatabase' has been reloaded successfully. <<1716238707719
BIP9332I<<Application 'BUB_SUB' has been reloaded successfully. <<1716238707719
BIP9326I<<The source 'DFDL_Modelingproject.generated.bar' has been successfully deployed. <<1716238707719
CustomerApp>>NODE2>>EG1>>SUCCESS>>1716239490556
BIP9332I<<Application 'CustomerApp' has been changed successfully. <<1716239490556
BIP9326I<<The source 'CustomerAppproject.generated.bar' has been successfully deployed. <<1716239490556
CustomerApp>>NODE2>>EG1>>SUCCESS>>1716239696692
BIP9332I<<Application 'CustomerApp' has been changed successfully. <<1716239696692
BIP9326I<<The source 'CustomerAppproject.generated.bar' has been successfully deployed. <<1716239696692
CustomerApp>>NODE2>>EG1>>SUCCESS>>1716239848007
BIP9332I<<Application 'CustomerApp' has been changed successfully. <<1716239848007
BIP9326I<<The source 'CustomerAppproject.generated.bar' has been successfully deployed. <<1716239848007
CustomerApp>>NODE2>>EG1>>SUCCESS>>1716240474255
BIP9332I<<Application 'CustomerApp' has been changed successfully. <<1716240474255
BIP9326I<<The source 'CustomerAppproject.generated.bar' has been successfully deployed. <<1716240474255
CustomerApp>>NODE2>>EG1>>SUCCESS>>1716240562713
BIP9332I<<Application 'CustomerApp' has been changed successfully. <<1716240562713
BIP9326I<<The source 'CustomerAppproject.generated.bar' has been successfully deployed. <<1716240562713
CustomerApp>>NODE2>>EG1>>SUCCESS>>1716295279329
BIP9332I<<Application 'CustomerApp' has been changed successfully. <<1716295279329
BIP9326I<<The source 'CustomerAppproject.generated.bar' has been successfully deployed. <<1716295279329
BUB_SUB>>NODE2>>EG1>>WARNING>>1716295292760
BIP1239E<<Application 'BUB_SUB' references shared library 'Execption_Handler', which is not deployed to the integration server. <<1716295292760
BIP1360E<<Message flow node 'Execption_Handler_subflow', 'BUB.SUB.BUB_SUB#FCMComposite_1_3' in message flow 'BUB.SUB.BUB_SUB' in Application 'BUB_SUB' requires subflow 'Execption/Handler/subflow/Execption_Handler_subflow.subflow' which is not deployed. <<1716295292760
BIP1096E<<The source 'BUB_SUBproject.generated.bar' has been deployed but there were one or more failures which may mean the deployed resources will be unable to execute. <<1716295292760
CustomerApp>>NODE2>>EG1>>SUCCESS>>1716295338314
BIP9332I<<Application 'CustomerApp' has been changed successfully. <<1716295338314
BIP9326I<<The source 'CustomerAppproject.generated.bar' has been successfully deployed. <<1716295338314
CustomerApp>>NODE2>>EG1>>SUCCESS>>1716295483700
BIP9332I<<Application 'CustomerApp' has been changed successfully. <<1716295483700
BIP9326I<<The source 'CustomerAppproject.generated.bar' has been successfully deployed. <<1716295483700
CustomerApp>>NODE2>>EG1>>SUCCESS>>1716295743657
BIP9332I<<Application 'CustomerApp' has been changed successfully. <<1716295743657
BIP9326I<<The source 'CustomerAppproject.generated.bar' has been successfully deployed. <<1716295743657
CustomerApp>>NODE2>>EG1>>SUCCESS>>1716295907330
BIP9332I<<Application 'CustomerApp' has been changed successfully. <<1716295907330
BIP9326I<<The source 'CustomerAppproject.generated.bar' has been successfully deployed. <<1716295907330
CustomerApp>>NODE2>>EG1>>SUCCESS>>1716296128250
BIP9332I<<Application 'CustomerApp' has been changed successfully. <<1716296128250
BIP9326I<<The source 'CustomerAppproject.generated.bar' has been successfully deployed. <<1716296128250
CustomerApp>>NODE2>>EG1>>SUCCESS>>1716296238756
BIP9332I<<Application 'CustomerApp' has been changed successfully. <<1716296238756
BIP9326I<<The source 'CustomerAppproject.generated.bar' has been successfully deployed. <<1716296238756
CustomerApp>>NODE2>>EG1>>SUCCESS>>1716296350527
BIP9332I<<Application 'CustomerApp' has been changed successfully. <<1716296350527
BIP9326I<<The source 'CustomerAppproject.generated.bar' has been successfully deployed. <<1716296350527
CustomerApp_barfile.bar>>NODE2>>EG1>>SUCCESS>>1716296441363
BIP9332I<<Application 'CustomerApp' has been created successfully. <<1716296441363
BIP9326I<<The source 'CustomerApp_barfile.bar' has been successfully deployed. <<1716296441363
CustomerApp>>NODE2>>EG1>>SUCCESS>>1716296545233
BIP9332I<<Application 'CustomerApp' has been changed successfully. <<1716296545233
BIP9326I<<The source 'CustomerAppproject.generated.bar' has been successfully deployed. <<1716296545233
CustomerApp>>NODE2>>EG1>>SUCCESS>>1716296962422
BIP9332I<<Application 'CustomerApp' has been changed successfully. <<1716296962422
BIP9326I<<The source 'CustomerAppproject.generated.bar' has been successfully deployed. <<1716296962422
CustomerApp>>NODE2>>EG1>>SUCCESS>>1716298053749
BIP9332I<<Application 'CustomerApp' has been changed successfully. <<1716298053749
BIP9326I<<The source 'CustomerAppproject.generated.bar' has been successfully deployed. <<1716298053749
CustomerApp>>NODE2>>EG1>>SUCCESS>>1716302583685
BIP9332I<<Application 'CustomerApp' has been changed successfully. <<1716302583685
BIP9326I<<The source 'CustomerAppproject.generated.bar' has been successfully deployed. <<1716302583685
CustomerApp>>NODE2>>EG1>>SUCCESS>>1716303241964
BIP9332I<<Application 'CustomerApp' has been changed successfully. <<1716303241964
BIP9326I<<The source 'CustomerAppproject.generated.bar' has been successfully deployed. <<1716303241964
CustomerApp>>NODE2>>EG1>>SUCCESS>>1716303440844
BIP9332I<<Application 'CustomerApp' has been changed successfully. <<1716303440844
BIP9326I<<The source 'CustomerAppproject.generated.bar' has been successfully deployed. <<1716303440844
CustomerApp>>NODE2>>EG1>>WARNING>>1716304703854
BIP9318E<<Request to 'PreSetupValidate' resource 'CustomerApp', 'CustomerApp' of type 'Application' failed. <<1716304703854
BIP2497E<<(.CustomerApp_msgflow_Compute2.Main, 4.7) : Illegal data type for target. A list field reference is required. <<1716304703854
BIP9333W<<Application 'CustomerApp' has been changed but contains errors which has prevented some resources from starting. <<1716304703854
BIP1096E<<The source 'CustomerAppproject.generated.bar' has been deployed but there were one or more failures which may mean the deployed resources will be unable to execute. <<1716304703854
CustomerApp>>NODE2>>EG1>>WARNING>>1716305068142
BIP9320E<<Message Flow 'CustomerApp_msgflow', 'CustomerApp_msgflow' encountered a failure and could not start. <<1716305068142
BIP2211E<<Invalid configuration attribute value 'TIMEOUTTORETRIVECUSTOMERS', is not valid for target attribute 'uniqueIdentifier', object 'CustomerApp_msgflow.Timeout Notification'; valid values are 'less than 12 characters in length or greater than 0'. <<1716305068142
BIP9333W<<Application 'CustomerApp' has been changed but contains errors which has prevented some resources from starting. <<1716305068142
BIP1096E<<The source 'CustomerAppproject.generated.bar' has been deployed but there were one or more failures which may mean the deployed resources will be unable to execute. <<1716305068142
CustomerApp>>NODE2>>EG1>>SUCCESS>>1716305118958
BIP9332I<<Application 'CustomerApp' has been changed successfully. <<1716305118958
BIP9326I<<The source 'CustomerAppproject.generated.bar' has been successfully deployed. <<1716305118958
CustomerApp>>NODE2>>EG1>>SUCCESS>>1716305178974
BIP9332I<<Application 'CustomerApp' has been changed successfully. <<1716305178974
BIP9326I<<The source 'CustomerAppproject.generated.bar' has been successfully deployed. <<1716305178974
CustomerApp>>NODE2>>EG1>>SUCCESS>>1716305881350
BIP9332I<<Application 'CustomerApp' has been changed successfully. <<1716305881350
BIP9326I<<The source 'CustomerAppproject.generated.bar' has been successfully deployed. <<1716305881350
CustomerApp>>NODE2>>EG1>>SUCCESS>>1716306132303
BIP9332I<<Application 'CustomerApp' has been changed successfully. <<1716306132303
BIP9326I<<The source 'CustomerAppproject.generated.bar' has been successfully deployed. <<1716306132303
CustomerApp>>NODE2>>EG1>>WARNING>>1716307931130
BIP9320E<<Message Flow 'CustomerApp_msgflow', 'CustomerApp_msgflow' encountered a failure and could not start. <<1716307931130
BIP6253E<<Error in node: Database Retrieve. Could not locate JDBC Provider policy 'IIBNODE_DS', in the specified or default policy project, for the data source name property on this node. <<1716307931130
BIP9333W<<Application 'CustomerApp' has been changed but contains errors which has prevented some resources from starting. <<1716307931130
BIP1096E<<The source 'CustomerAppproject.generated.bar' has been deployed but there were one or more failures which may mean the deployed resources will be unable to execute. <<1716307931130
CustomerApp>>NODE2>>EG1>>WARNING>>1716308842464
BIP9318E<<Request to 'PreSetupValidate' resource 'CustomerApp', 'CustomerApp' of type 'Application' failed. <<1716308842464
BIP2432E<<(.CustomerApp_msgflow_Compute2.Main, 4.68) : The correlation name 'customer' is not valid. Those in scope are: Database, Environment, InputLocalEnvironment, OutputLocalEnvironment, InputRoot, InputBody, InputProperties, OutputRoot, InputExceptionList, OutputExceptionList, InputDestinationList, OutputDestinationList. <<1716308842464
BIP9333W<<Application 'CustomerApp' has been created but contains errors which has prevented some resources from starting. <<1716308842464
BIP1096E<<The source 'CustomerAppproject.generated.bar' has been deployed but there were one or more failures which may mean the deployed resources will be unable to execute. <<1716308842464
CustomerApp>>NODE2>>EG1>>SUCCESS>>1716308880176
BIP9332I<<Application 'CustomerApp' has been changed successfully. <<1716308880176
BIP9326I<<The source 'CustomerAppproject.generated.bar' has been successfully deployed. <<1716308880176
CustomerApp>>NODE2>>EG1>>SUCCESS>>1716309315336
BIP9332I<<Application 'CustomerApp' has been changed successfully. <<1716309315336
BIP9326I<<The source 'CustomerAppproject.generated.bar' has been successfully deployed. <<1716309315336
CustomerApp>>NODE2>>EG1>>SUCCESS>>1716309334034
BIP9332I<<Application 'CustomerApp' has been changed successfully. <<1716309334034
BIP9326I<<The source 'CustomerAppproject.generated.bar' has been successfully deployed. <<1716309334034
CustomerApp>>NODE2>>EG1>>SUCCESS>>1716309433755
BIP9332I<<Application 'CustomerApp' has been changed successfully. <<1716309433755
BIP9326I<<The source 'CustomerAppproject.generated.bar' has been successfully deployed. <<1716309433755
CustomerApp>>NODE2>>EG1>>SUCCESS>>1716309773583
BIP9332I<<Application 'CustomerApp' has been changed successfully. <<1716309773583
BIP9326I<<The source 'CustomerAppproject.generated.bar' has been successfully deployed. <<1716309773583
CustomerApp>>NODE2>>EG1>>SUCCESS>>1716310014883
BIP9332I<<Application 'CustomerApp' has been changed successfully. <<1716310014883
BIP9326I<<The source 'CustomerAppproject.generated.bar' has been successfully deployed. <<1716310014883
CustomerApp_barfile.bar>>NODE2>>EG1>>SUCCESS>>1716310267626
BIP9332I<<Application 'CustomerApp' has been changed successfully. <<1716310267626
BIP9326I<<The source 'CustomerApp_barfile.bar' has been successfully deployed. <<1716310267626
CustomerApp_barfile.bar>>NODE2>>EG1>>SUCCESS>>1716310397271
BIP9332I<<Application 'CustomerApp' has been changed successfully. <<1716310397271
BIP9326I<<The source 'CustomerApp_barfile.bar' has been successfully deployed. <<1716310397271
SoapServise_Transaction>>NODE2>>EG1>>WARNING>>1716471228630
BIP1239E<<Application 'SoapServise_Transaction' references shared library 'Execption_Handler', which is not deployed to the integration server. <<1716471228630
BIP1360E<<Message flow node 'Execption_Handler_subflow', 'SoapService.Transaction.msgflow.SoapService_Transaction#FCMComposite_1_4' in message flow 'SoapService.Transaction.msgflow.SoapService_Transaction' in Application 'SoapServise_Transaction' requires subflow 'Execption/Handler/subflow/Execption_Handler_subflow.subflow' which is not deployed. <<1716471228630
BIP1096E<<The source 'SoapServise_Transactionproject.generated.bar' has been deployed but there were one or more failures which may mean the deployed resources will be unable to execute. <<1716471228630
Execption_Handler>>NODE2>>EG1>>SUCCESS>>1716471252024
BIP9332I<<SharedLibrary 'Execption_Handler' has been created successfully. <<1716471252024
BIP9332I<<Application 'SoapServise_Transaction' has been reloaded successfully. <<1716471252024
BIP9326I<<The source 'Execption_Handlerproject.generated.bar' has been successfully deployed. <<1716471252024
SoapServise_Transaction>>NODE2>>EG1>>SUCCESS>>1716471265113
BIP9332I<<Application 'SoapServise_Transaction' has been changed successfully. <<1716471265113
BIP9326I<<The source 'SoapServise_Transactionproject.generated.bar' has been successfully deployed. <<1716471265113
SoapServise_Transaction>>NODE2>>EG1>>SUCCESS>>1716471418036
BIP9332I<<Application 'SoapServise_Transaction' has been changed successfully. <<1716471418036
BIP9326I<<The source 'SoapServise_Transactionproject.generated.bar' has been successfully deployed. <<1716471418036
SoapServise_Transaction>>NODE2>>EG1>>SUCCESS>>1716471594988
BIP9332I<<Application 'SoapServise_Transaction' has been changed successfully. <<1716471594988
BIP9326I<<The source 'SoapServise_Transactionproject.generated.bar' has been successfully deployed. <<1716471594988
SoapServise_Transaction>>NODE2>>EG1>>SUCCESS>>1716479308853
BIP9332I<<Application 'SoapServise_Transaction' has been changed successfully. <<1716479308853
BIP9326I<<The source 'SoapServise_Transactionproject.generated.bar' has been successfully deployed. <<1716479308853
SoapServise_Transaction>>NODE2>>EG1>>SUCCESS>>1716480150404
BIP9332I<<Application 'SoapServise_Transaction' has been changed successfully. <<1716480150404
BIP9326I<<The source 'SoapServise_Transactionproject.generated.bar' has been successfully deployed. <<1716480150404
SoapServise_Transaction>>NODE2>>EG1>>WARNING>>1716482467341
BIP9318E<<Request to 'PreSetupValidate' resource 'SoapServise_Transaction', 'SoapServise_Transaction' of type 'Application' failed. <<1716482467341
BIP2432E<<(SoapService.Transaction.msgflow.SoapService_Transaction_Compute.Main, 12.105) : The correlation name 'trans_no' is not valid. Those in scope are: soapenv, tran, Environment, InputLocalEnvironment, OutputLocalEnvironment, InputRoot, InputBody, InputProperties, OutputRoot, InputExceptionList, OutputExceptionList, InputDestinationList, OutputDestinationList, inRef, outRef, R. <<1716482467341
BIP9333W<<Application 'SoapServise_Transaction' has been changed but contains errors which has prevented some resources from starting. <<1716482467341
BIP1096E<<The source 'SoapServise_Transactionproject.generated.bar' has been deployed but there were one or more failures which may mean the deployed resources will be unable to execute. <<1716482467341
SoapServise_Transaction>>NODE2>>EG1>>WARNING>>1716482569791
BIP9318E<<Request to 'PreSetupValidate' resource 'SoapServise_Transaction', 'SoapServise_Transaction' of type 'Application' failed. <<1716482569791
BIP2432E<<(SoapService.Transaction.msgflow.SoapService_Transaction_Compute.Main, 12.118) : The correlation name 'Transaction_number' is not valid. Those in scope are: soapenv, tran, Environment, InputLocalEnvironment, OutputLocalEnvironment, InputRoot, InputBody, InputProperties, OutputRoot, InputExceptionList, OutputExceptionList, InputDestinationList, OutputDestinationList, inRef, outRef, R. <<1716482569791
BIP9333W<<Application 'SoapServise_Transaction' has been changed but contains errors which has prevented some resources from starting. <<1716482569791
BIP1096E<<The source 'SoapServise_Transactionproject.generated.bar' has been deployed but there were one or more failures which may mean the deployed resources will be unable to execute. <<1716482569791
SoapServise_Transaction>>NODE2>>EG1>>SUCCESS>>1716482752992
BIP9332I<<Application 'SoapServise_Transaction' has been changed successfully. <<1716482752992
BIP9326I<<The source 'SoapServise_Transactionproject.generated.bar' has been successfully deployed. <<1716482752992
SoapServise_Transaction>>NODE2>>EG1>>SUCCESS>>1716485324839
BIP9332I<<Application 'SoapServise_Transaction' has been changed successfully. <<1716485324839
BIP9326I<<The source 'SoapServise_Transactionproject.generated.bar' has been successfully deployed. <<1716485324839
SoapServise_Transaction>>NODE2>>EG1>>SUCCESS>>1716486239653
BIP9332I<<Application 'SoapServise_Transaction' has been changed successfully. <<1716486239653
BIP9326I<<The source 'SoapServise_Transactionproject.generated.bar' has been successfully deployed. <<1716486239653
SoapServise_Transaction>>NODE2>>EG1>>SUCCESS>>1716486772519
BIP9332I<<Application 'SoapServise_Transaction' has been changed successfully. <<1716486772519
BIP9326I<<The source 'SoapServise_Transactionproject.generated.bar' has been successfully deployed. <<1716486772519
SoapServise_Transaction>>NODE2>>EG1>>SUCCESS>>1716486826320
BIP9332I<<Application 'SoapServise_Transaction' has been changed successfully. <<1716486826320
BIP9326I<<The source 'SoapServise_Transactionproject.generated.bar' has been successfully deployed. <<1716486826320
SoapServise_Transaction>>NODE2>>EG1>>SUCCESS>>1716486917175
BIP9332I<<Application 'SoapServise_Transaction' has been changed successfully. <<1716486917175
BIP9326I<<The source 'SoapServise_Transactionproject.generated.bar' has been successfully deployed. <<1716486917175
SoapServise_Transaction>>NODE2>>EG1>>SUCCESS>>1716487264029
BIP9332I<<Application 'SoapServise_Transaction' has been changed successfully. <<1716487264029
BIP9326I<<The source 'SoapServise_Transactionproject.generated.bar' has been successfully deployed. <<1716487264029
IIBasConsumer_Transaction>>NODE2>>EG1>>SUCCESS>>1716542282272
BIP9332I<<Application 'IIBasConsumer_Transaction' has been created successfully. <<1716542282272
BIP9326I<<The source 'IIBasConsumer_Transactionproject.generated.bar' has been successfully deployed. <<1716542282272
IIBasConsumer_Transaction>>NODE2>>EG1>>SUCCESS>>1716542400010
BIP9332I<<Application 'IIBasConsumer_Transaction' has been changed successfully. <<1716542400010
BIP9326I<<The source 'IIBasConsumer_Transactionproject.generated.bar' has been successfully deployed. <<1716542400010
SoapServise_Transaction>>NODE2>>EG1>>WARNING>>1716542779699
BIP9318E<<Request to 'PreSetupValidate' resource 'SoapServise_Transaction', 'SoapServise_Transaction' of type 'Application' failed. <<1716542779699
BIP2496E<<(SoapService.Transaction.msgflow.SoapService_Transaction_Compute.Main, 12.7) : Illegal data type for target. A non-list field reference is required. <<1716542779699
BIP9333W<<Application 'SoapServise_Transaction' has been changed but contains errors which has prevented some resources from starting. <<1716542779699
BIP1096E<<The source 'SoapServise_Transactionproject.generated.bar' has been deployed but there were one or more failures which may mean the deployed resources will be unable to execute. <<1716542779699
SoapServise_Transaction>>NODE2>>EG1>>SUCCESS>>1716542863646
BIP9332I<<Application 'SoapServise_Transaction' has been changed successfully. <<1716542863646
BIP9326I<<The source 'SoapServise_Transactionproject.generated.bar' has been successfully deployed. <<1716542863646
SoapServise_Transaction>>NODE2>>EG1>>WARNING>>1716542874125
BIP9318E<<Request to 'PreSetupValidate' resource 'SoapServise_Transaction', 'SoapServise_Transaction' of type 'Application' failed. <<1716542874125
BIP2496E<<(SoapService.Transaction.msgflow.SoapService_Transaction_Compute.Main, 12.7) : Illegal data type for target. A non-list field reference is required. <<1716542874125
BIP9333W<<Application 'SoapServise_Transaction' has been changed but contains errors which has prevented some resources from starting. <<1716542874125
BIP1096E<<The source 'SoapServise_Transactionproject.generated.bar' has been deployed but there were one or more failures which may mean the deployed resources will be unable to execute. <<1716542874125
SoapServise_Transaction>>NODE2>>EG1>>SUCCESS>>1716542929013
BIP9332I<<Application 'SoapServise_Transaction' has been changed successfully. <<1716542929013
BIP9326I<<The source 'SoapServise_Transactionproject.generated.bar' has been successfully deployed. <<1716542929013
IIBasConsumer_Transaction>>NODE2>>EG1>>SUCCESS>>1716542936920
BIP9332I<<Application 'IIBasConsumer_Transaction' has been changed successfully. <<1716542936920
BIP9326I<<The source 'IIBasConsumer_Transactionproject.generated.bar' has been successfully deployed. <<1716542936920
IIBasConsumer_Transaction>>NODE2>>EG1>>SUCCESS>>1716543165103
BIP9332I<<Application 'IIBasConsumer_Transaction' has been changed successfully. <<1716543165103
BIP9326I<<The source 'IIBasConsumer_Transactionproject.generated.bar' has been successfully deployed. <<1716543165103
Execption_Publication>>NODE2>>EG1>>SUCCESS>>1716554735953
BIP9332I<<Application 'Execption_Publication' has been created successfully. <<1716554735953
BIP9332I<<SharedLibrary 'Execption_Handler' has been changed successfully. <<1716554735953
BIP9332I<<Application 'SoapServise_Transaction' has been reloaded successfully. <<1716554735953
BIP9332I<<Application 'IIBasConsumer_Transaction' has been reloaded successfully. <<1716554735953
BIP9326I<<The source 'Execption_Publicationproject.generated.bar' has been successfully deployed. <<1716554735953
Execption_Publication>>NODE2>>EG1>>SUCCESS>>1716556406155
BIP9332I<<SharedLibrary 'Execption_Handler' has been changed successfully. <<1716556406155
BIP9332I<<Application 'Execption_Publication' has been changed successfully. <<1716556406155
BIP9332I<<Application 'SoapServise_Transaction' has been reloaded successfully. <<1716556406155
BIP9332I<<Application 'IIBasConsumer_Transaction' has been reloaded successfully. <<1716556406155
BIP9326I<<The source 'Execption_Publicationproject.generated.bar' has been successfully deployed. <<1716556406155
Execption_Publication>>NODE2>>EG1>>SUCCESS>>1716556845704
BIP9332I<<SharedLibrary 'Execption_Handler' has been changed successfully. <<1716556845704
BIP9332I<<Application 'Execption_Publication' has been changed successfully. <<1716556845704
BIP9332I<<Application 'SoapServise_Transaction' has been reloaded successfully. <<1716556845704
BIP9332I<<Application 'IIBasConsumer_Transaction' has been reloaded successfully. <<1716556845704
BIP9326I<<The source 'Execption_Publicationproject.generated.bar' has been successfully deployed. <<1716556845704
Execpition_Storage>>NODE2>>EG1>>SUCCESS>>1716556859212
BIP9332I<<Application 'Execpition_Storage' has been created successfully. <<1716556859212
BIP9332I<<SharedLibrary 'Execption_Handler' has been changed successfully. <<1716556859212
BIP9332I<<Application 'Execption_Publication' has been reloaded successfully. <<1716556859212
BIP9332I<<Application 'SoapServise_Transaction' has been reloaded successfully. <<1716556859212
BIP9332I<<Application 'IIBasConsumer_Transaction' has been reloaded successfully. <<1716556859212
BIP9326I<<The source 'Execpition_Storageproject.generated.bar' has been successfully deployed. <<1716556859212
Execption_Publication>>NODE2>>EG1>>SUCCESS>>1716557039721
BIP9332I<<SharedLibrary 'Execption_Handler' has been changed successfully. <<1716557039721
BIP9332I<<Application 'Execption_Publication' has been changed successfully. <<1716557039721
BIP9332I<<Application 'Execpition_Storage' has been reloaded successfully. <<1716557039721
BIP9332I<<Application 'SoapServise_Transaction' has been reloaded successfully. <<1716557039721
BIP9332I<<Application 'IIBasConsumer_Transaction' has been reloaded successfully. <<1716557039721
BIP9326I<<The source 'Execption_Publicationproject.generated.bar' has been successfully deployed. <<1716557039721
Execpition_Storage>>NODE2>>EG1>>SUCCESS>>1716557055279
BIP9332I<<Application 'Execpition_Storage' has been changed successfully. <<1716557055279
BIP9332I<<SharedLibrary 'Execption_Handler' has been changed successfully. <<1716557055279
BIP9332I<<Application 'Execption_Publication' has been reloaded successfully. <<1716557055279
BIP9332I<<Application 'SoapServise_Transaction' has been reloaded successfully. <<1716557055279
BIP9332I<<Application 'IIBasConsumer_Transaction' has been reloaded successfully. <<1716557055279
BIP9326I<<The source 'Execpition_Storageproject.generated.bar' has been successfully deployed. <<1716557055279
Execpition_Storage>>NODE2>>EG1>>SUCCESS>>1716557147854
BIP9332I<<Application 'Execpition_Storage' has been changed successfully. <<1716557147854
BIP9332I<<SharedLibrary 'Execption_Handler' has been changed successfully. <<1716557147854
BIP9332I<<Application 'Execption_Publication' has been reloaded successfully. <<1716557147854
BIP9332I<<Application 'SoapServise_Transaction' has been reloaded successfully. <<1716557147854
BIP9332I<<Application 'IIBasConsumer_Transaction' has been reloaded successfully. <<1716557147854
BIP9326I<<The source 'Execpition_Storageproject.generated.bar' has been successfully deployed. <<1716557147854
Execption_Publication>>NODE2>>EG1>>SUCCESS>>1716557161285
BIP9332I<<SharedLibrary 'Execption_Handler' has been changed successfully. <<1716557161285
BIP9332I<<Application 'Execption_Publication' has been changed successfully. <<1716557161285
BIP9332I<<Application 'Execpition_Storage' has been reloaded successfully. <<1716557161285
BIP9332I<<Application 'SoapServise_Transaction' has been reloaded successfully. <<1716557161285
BIP9332I<<Application 'IIBasConsumer_Transaction' has been reloaded successfully. <<1716557161285
BIP9326I<<The source 'Execption_Publicationproject.generated.bar' has been successfully deployed. <<1716557161285
Execption_Publication>>NODE2>>EG1>>SUCCESS>>1716557500557
BIP9332I<<SharedLibrary 'Execption_Handler' has been changed successfully. <<1716557500557
BIP9332I<<Application 'Execption_Publication' has been changed successfully. <<1716557500557
BIP9332I<<Application 'Execpition_Storage' has been reloaded successfully. <<1716557500557
BIP9332I<<Application 'SoapServise_Transaction' has been reloaded successfully. <<1716557500557
BIP9332I<<Application 'IIBasConsumer_Transaction' has been reloaded successfully. <<1716557500557
BIP9326I<<The source 'Execption_Publicationproject.generated.bar' has been successfully deployed. <<1716557500557
Execpition_Storage>>NODE2>>EG1>>SUCCESS>>1716557516947
BIP9332I<<Application 'Execpition_Storage' has been changed successfully. <<1716557516947
BIP9332I<<SharedLibrary 'Execption_Handler' has been changed successfully. <<1716557516947
BIP9332I<<Application 'Execption_Publication' has been reloaded successfully. <<1716557516947
BIP9332I<<Application 'SoapServise_Transaction' has been reloaded successfully. <<1716557516947
BIP9332I<<Application 'IIBasConsumer_Transaction' has been reloaded successfully. <<1716557516947
BIP9326I<<The source 'Execpition_Storageproject.generated.bar' has been successfully deployed. <<1716557516947
Email_App>>NODE2>>EG1>>SUCCESS>>1716571128175
BIP9332I<<Application 'Email_App' has been created successfully. <<1716571128175
BIP9332I<<SharedLibrary 'Execption_Handler' has been changed successfully. <<1716571128175
BIP9332I<<Application 'Execpition_Storage' has been reloaded successfully. <<1716571128175
BIP9332I<<Application 'Execption_Publication' has been reloaded successfully. <<1716571128175
BIP9332I<<Application 'SoapServise_Transaction' has been reloaded successfully. <<1716571128175
BIP9332I<<Application 'IIBasConsumer_Transaction' has been reloaded successfully. <<1716571128175
BIP9326I<<The source 'Email_Appproject.generated.bar' has been successfully deployed. <<1716571128175
Email_App>>NODE2>>EG1>>SUCCESS>>1716571373669
BIP9332I<<Application 'Email_App' has been changed successfully. <<1716571373669
BIP9332I<<SharedLibrary 'Execption_Handler' has been changed successfully. <<1716571373669
BIP9332I<<Application 'Execpition_Storage' has been reloaded successfully. <<1716571373669
BIP9332I<<Application 'Execption_Publication' has been reloaded successfully. <<1716571373669
BIP9332I<<Application 'SoapServise_Transaction' has been reloaded successfully. <<1716571373669
BIP9332I<<Application 'IIBasConsumer_Transaction' has been reloaded successfully. <<1716571373669
BIP9326I<<The source 'Email_Appproject.generated.bar' has been successfully deployed. <<1716571373669
Email_App>>NODE2>>EG1>>SUCCESS>>1716571598940
BIP9332I<<Application 'Email_App' has been changed successfully. <<1716571598940
BIP9332I<<SharedLibrary 'Execption_Handler' has been changed successfully. <<1716571598940
BIP9332I<<Application 'Execpition_Storage' has been reloaded successfully. <<1716571598940
BIP9332I<<Application 'Execption_Publication' has been reloaded successfully. <<1716571598940
BIP9332I<<Application 'SoapServise_Transaction' has been reloaded successfully. <<1716571598940
BIP9332I<<Application 'IIBasConsumer_Transaction' has been reloaded successfully. <<1716571598940
BIP9326I<<The source 'Email_Appproject.generated.bar' has been successfully deployed. <<1716571598940
Email_App>>NODE2>>EG1>>SUCCESS>>1716581460587
BIP9332I<<Application 'Email_App' has been changed successfully. <<1716581460587
BIP9332I<<SharedLibrary 'Execption_Handler' has been changed successfully. <<1716581460587
BIP9332I<<Application 'Execption_Publication' has been reloaded successfully. <<1716581460587
BIP9332I<<Application 'SoapServise_Transaction' has been reloaded successfully. <<1716581460587
BIP9332I<<Application 'IIBasConsumer_Transaction' has been reloaded successfully. <<1716581460587
BIP9326I<<The source 'Email_Appproject.generated.bar' has been successfully deployed. <<1716581460587
Email_App>>NODE2>>EG1>>SUCCESS>>1716581528820
BIP9332I<<Application 'Email_App' has been changed successfully. <<1716581528820
BIP9332I<<SharedLibrary 'Execption_Handler' has been changed successfully. <<1716581528820
BIP9332I<<Application 'SoapServise_Transaction' has been reloaded successfully. <<1716581528820
BIP9332I<<Application 'IIBasConsumer_Transaction' has been reloaded successfully. <<1716581528820
BIP9326I<<The source 'Email_Appproject.generated.bar' has been successfully deployed. <<1716581528820
Email_App>>NODE2>>EG1>>SUCCESS>>1716581724676
BIP9332I<<Application 'Email_App' has been changed successfully. <<1716581724676
BIP9332I<<SharedLibrary 'Execption_Handler' has been changed successfully. <<1716581724676
BIP9332I<<Application 'SoapServise_Transaction' has been reloaded successfully. <<1716581724676
BIP9332I<<Application 'IIBasConsumer_Transaction' has been reloaded successfully. <<1716581724676
BIP9326I<<The source 'Email_Appproject.generated.bar' has been successfully deployed. <<1716581724676
